2018-01-01 15:46:28 [main] INFO  Methods4Login:39 - Verify correct VZFL terms and conditions header.
2018-01-01 15:46:28 [main] INFO  Methods4Login:43 - Verify VZFL terms and conditions page url.
2018-01-01 15:46:32 [main] INFO  Methods4Login:74 - Checked welcome header.
2018-01-01 15:46:32 [main] INFO  Methods4Login:77 - Checked welcome paragraph1.
2018-01-01 15:46:32 [main] INFO  Methods4Login:80 - Checked welcome paragraph2.
2018-01-01 15:46:32 [main] INFO  Methods4Login:83 - Checked Get started button.
2018-01-01 16:15:14 [main] INFO  Methods4Login:39 - Verify correct VZFL terms and conditions header.
2018-01-01 16:15:14 [main] INFO  Methods4Login:43 - Verify VZFL terms and conditions page url.
2018-01-01 16:15:17 [main] INFO  Methods4Login:74 - Checked welcome header.
2018-01-01 16:15:17 [main] INFO  Methods4Login:77 - Checked welcome paragraph1.
2018-01-01 16:15:17 [main] INFO  Methods4Login:80 - Checked welcome paragraph2.
2018-01-01 16:15:17 [main] INFO  Methods4Login:83 - Checked Get started button.
2018-01-01 16:45:51 [main] INFO  Methods4Login:39 - Verify correct VZFL terms and conditions header.
2018-01-01 16:45:51 [main] INFO  Methods4Login:43 - Verify VZFL terms and conditions page url.
2018-01-01 16:45:54 [main] INFO  Methods4Login:74 - Checked welcome header.
2018-01-01 16:45:54 [main] INFO  Methods4Login:77 - Checked welcome paragraph1.
2018-01-01 16:45:54 [main] INFO  Methods4Login:80 - Checked welcome paragraph2.
2018-01-01 16:45:54 [main] INFO  Methods4Login:83 - Checked Get started button.
2018-01-01 18:10:04 [main] INFO  Methods4Login:39 - Verify correct VZFL terms and conditions header.
2018-01-01 18:10:04 [main] INFO  Methods4Login:43 - Verify VZFL terms and conditions page url.
2018-01-01 18:10:07 [main] INFO  Methods4Login:74 - Checked welcome header.
2018-01-01 18:10:07 [main] INFO  Methods4Login:77 - Checked welcome paragraph1.
2018-01-01 18:10:07 [main] INFO  Methods4Login:80 - Checked welcome paragraph2.
2018-01-01 18:10:07 [main] INFO  Methods4Login:83 - Checked Get started button.
